<?xml version="1.0" encoding="UTF-8"?>
<!-- Generated by org.testng.reporters.JUnitXMLReporter -->
<testsuite ignored="0" hostname="Aruns-MacBook-Air.local" failures="1" tests="3" name="Test" time="24.003" errors="0" timestamp="2024-05-15T22:03:31 IST">
  <testcase classname="rahulshettyacedemy.testcases.errorvalidation" name="loginerrorvalidation" time="2.271"/>
  <testcase classname="rahulshettyacedemy.testcases.errorvalidation" name="producterrorvalidation" time="4.352">
    <failure type="java.lang.AssertionError" message="expected [true] but found [false]">
      <![CDATA[java.lang.AssertionError: expected [true] but found [false]
at rahulshettyacedemy.testcases.errorvalidation.producterrorvalidation(errorvalidation.java:54)
at java.base/java.util.ArrayList.forEach(ArrayList.java:1541)
... Removed 31 stack frames]]>
    </failure>
  </testcase> <!-- producterrorvalidation -->
  <testcase classname="rahulshettyacedemy.testcases.Submitorder" name="submitorder" time="5.221"/>
</testsuite> <!-- Test -->
