<?xml version="1.0" encoding="UTF-8"?>
<!-- Generated by org.testng.reporters.JUnitXMLReporter -->
<testsuite ignored="2" hostname="Aruns-MacBook-Air.local" failures="0" tests="0" time="0.061" errors="0" timestamp="2024-05-22T16:53:40 IST">
  <testcase classname="rahulshettyacedemy.testcases.errorvalidation" name="producterrorvalidation" time="0.0">
    <ignored/>
  </testcase> <!-- producterrorvalidation -->
  <testcase classname="rahulshettyacedemy.testcases.errorvalidation" name="loginerrorvalidation" time="0.0">
    <ignored/>
  </testcase> <!-- loginerrorvalidation -->
</testsuite>
