<?xml version="1.0" encoding="UTF-8"?>
<!-- Generated by org.testng.reporters.JUnitXMLReporter -->
<testsuite ignored="1" hostname="Aruns-MacBook-Air.local" failures="0" tests="2" name="Submit Order Test" time="21.349" errors="0" timestamp="2024-05-22T16:54:02 IST">
  <testcase classname="rahulshettyacedemy.testcases.Submitorder" name="submitorder" time="5.381"/>
  <testcase classname="rahulshettyacedemy.testcases.Submitorder" name="submitorder" time="5.259"/>
  <testcase classname="rahulshettyacedemy.testcases.Submitorder" name="orderHistory" time="0.0">
    <ignored/>
  </testcase> <!-- orderHistory -->
</testsuite> <!-- Submit Order Test -->
